Running php-build composer
WARNING! Your password will be stored unencrypted in /home/runner/.docker/config.json.
Configure a credential helper to remove this warning. See
https://docs.docker.com/engine/reference/commandline/login/#credentials-store

Login Succeeded
Pulling docker.pkg.github.com/kodunmi/example-app/php-actions_composer_example-app:php-latest-build2.1.0
Error response from daemon: manifest unknown
Dockerfile:
FROM php:cli-alpine
RUN apk add --update --no-cache zip git bash openssh
#0 building with "default" instance using docker driver

#1 [internal] load .dockerignore
#1 transferring context: 2B done
#1 DONE 0.0s

#2 [internal] load build definition from Dockerfile-php-build
#2 transferring dockerfile: 120B done
#2 DONE 0.0s

#3 [auth] library/php:pull token for registry-1.docker.io
#3 DONE 0.0s

#4 [internal] load metadata for docker.io/library/php:cli-alpine
#4 DONE 0.4s

#5 importing cache manifest from docker.pkg.github.com/kodunmi/example-app/php-actions_composer_example-app:php-latest-build2.1.0
#5 ERROR: failed to configure registry cache importer: pulling from host docker.pkg.github.com failed with status code [manifests php-latest-build2.1.0]: 401 Unauthorized

#6 [1/2] FROM docker.io/library/php:cli-alpine@sha256:b5884ca8bf409cf571b321143ff30cfea16b9abab7245b9742343d3eee4abf3b
#6 resolve docker.io/library/php:cli-alpine@sha256:b5884ca8bf409cf571b321143ff30cfea16b9abab7245b9742343d3eee4abf3b done
#6 sha256:b5884ca8bf409cf571b321143ff30cfea16b9abab7245b9742343d3eee4abf3b 1.65kB / 1.65kB done
#6 sha256:e2b6be7358331533657d0349d9caa30bdd25929789981f325070714870e9c8b6 8.98kB / 8.98kB done
#6 sha256:956dc56ebfa141534a7cd4f930842179888f0f7404485d229508ea6517f888be 266B / 266B 0.0s done
#6 sha256:9098802ffa48ce1deadc36cbc02a19da35a81d030e4774862e824f6d4b20370e 498B / 498B 0.1s done
#6 sha256:2ff4f61a9647af07162bf2963eb30d80898357f1f6e3059578a20990397084fa 0B / 16.74MB 0.1s
#6 sha256:003108d92f4fbd8f8b27c693a6397312b31831ec09ac803a9d1fe1e56bafd665 2.20kB / 2.20kB done
#6 sha256:404102781aa39e16bd9a361b243061e50f63d446d6145586a7a849a4129c8081 2.66MB / 2.66MB 0.1s done
#6 sha256:7410f32c8672a1a82d756b99fcd64b40f8731c4e4e8a37962cdb815163f4a2b7 1.26kB / 1.26kB 0.0s done
#6 sha256:3f95106f3bdd99dd3378f11eec041df5b58ebf0da5a4ff09b18d1b4aadd789a1 0B / 12.06MB 0.1s
#6 sha256:a09abfb1ef472f589cabb12af27410a168ea6b94790cd3397a53341de5d41899 0B / 2.45kB 0.1s
#6 extracting sha256:404102781aa39e16bd9a361b243061e50f63d446d6145586a7a849a4129c8081
#6 sha256:2ff4f61a9647af07162bf2963eb30d80898357f1f6e3059578a20990397084fa 16.74MB / 16.74MB 0.3s done
#6 sha256:3f95106f3bdd99dd3378f11eec041df5b58ebf0da5a4ff09b18d1b4aadd789a1 12.06MB / 12.06MB 0.3s done
#6 sha256:a09abfb1ef472f589cabb12af27410a168ea6b94790cd3397a53341de5d41899 2.45kB / 2.45kB 0.1s done
#6 extracting sha256:404102781aa39e16bd9a361b243061e50f63d446d6145586a7a849a4129c8081 0.2s done
#6 sha256:6a99ce28aeda622d958753f375abef00b673b1cc819f6ca029306a43bff924f2 18.93kB / 18.93kB 0.2s done
#6 extracting sha256:7410f32c8672a1a82d756b99fcd64b40f8731c4e4e8a37962cdb815163f4a2b7
#6 extracting sha256:7410f32c8672a1a82d756b99fcd64b40f8731c4e4e8a37962cdb815163f4a2b7 done
#6 extracting sha256:956dc56ebfa141534a7cd4f930842179888f0f7404485d229508ea6517f888be done
#6 extracting sha256:3f95106f3bdd99dd3378f11eec041df5b58ebf0da5a4ff09b18d1b4aadd789a1 0.1s done
#6 extracting sha256:9098802ffa48ce1deadc36cbc02a19da35a81d030e4774862e824f6d4b20370e done
#6 extracting sha256:2ff4f61a9647af07162bf2963eb30d80898357f1f6e3059578a20990397084fa 0.1s
#6 extracting sha256:2ff4f61a9647af07162bf2963eb30d80898357f1f6e3059578a20990397084fa 0.6s done
#6 extracting sha256:a09abfb1ef472f589cabb12af27410a168ea6b94790cd3397a53341de5d41899 done
#6 extracting sha256:6a99ce28aeda622d958753f375abef00b673b1cc819f6ca029306a43bff924f2 done
#6 DONE 1.3s

#7 [2/2] RUN apk add --update --no-cache zip git bash openssh
#7 0.206 fetch https://dl-cdn.alpinelinux.org/alpine/v3.18/main/x86_64/APKINDEX.tar.gz
#7 0.330 fetch https://dl-cdn.alpinelinux.org/alpine/v3.18/community/x86_64/APKINDEX.tar.gz
#7 0.594 (1/14) Installing bash (5.2.15-r5)
#7 0.633 Executing bash-5.2.15-r5.post-install
#7 0.636 (2/14) Installing libexpat (2.5.0-r1)
#7 0.645 (3/14) Installing pcre2 (10.42-r1)
#7 0.661 (4/14) Installing git (2.40.1-r0)
#7 0.758 (5/14) Installing openssh-keygen (9.3_p2-r0)
#7 0.771 (6/14) Installing libedit (20221030.3.1-r1)
#7 0.779 (7/14) Installing openssh-client-common (9.3_p2-r0)
#7 0.807 (8/14) Installing openssh-client-default (9.3_p2-r0)
#7 0.823 (9/14) Installing openssh-sftp-server (9.3_p2-r0)
#7 0.832 (10/14) Installing openssh-server-common (9.3_p2-r0)
#7 0.839 (11/14) Installing openssh-server (9.3_p2-r0)
#7 0.856 (12/14) Installing openssh (9.3_p2-r0)
#7 0.869 (13/14) Installing unzip (6.0-r14)
#7 0.883 (14/14) Installing zip (3.0-r12)
#7 0.895 Executing busybox-1.36.1-r2.trigger
#7 0.901 OK: 33 MiB in 51 packages
#7 DONE 1.0s

#8 exporting to image
#8 exporting layers
#8 exporting layers 0.9s done
#8 writing image sha256:3290df56c7a98a88e2cfd5eb0132cf8e7c6b31e039014bc80439a0b6addb579a done
#8 naming to docker.pkg.github.com/kodunmi/example-app/php-actions_composer_example-app:php-latest-build2.1.0 done
#8 DONE 0.9s
------
 > importing cache manifest from docker.pkg.github.com/kodunmi/example-app/php-actions_composer_example-app:php-latest-build2.1.0:
------
The push refers to repository [docker.pkg.github.com/kodunmi/example-app/php-actions_composer_example-app]
e7268b9ef92a: Preparing
f8701a647b5f: Preparing
a82ba7eb4a5a: Preparing
852ebf156a6e: Preparing
ddc35ebd8008: Preparing
975885e23fb0: Preparing
c11f925ddb3f: Preparing
2270494f0a50: Preparing
ebaa87f84e90: Preparing
4693057ce236: Preparing
975885e23fb0: Waiting
c11f925ddb3f: Waiting
2270494f0a50: Waiting
ebaa87f84e90: Waiting
4693057ce236: Waiting
denied: installation not allowed to Create organization package
WARNING: Failed to push Docker image to "docker.pkg.github.com/kodunmi/example-app/php-actions_composer_example-app:php-latest-build2.1.0", this is probably due to missing permissions on GitHub.
Will continue as this is just an optimization to improve speed of next build.
Docker tag: docker.pkg.github.com/kodunmi/example-app/php-actions_composer_example-app:php-latest-build2.1.0
No private keys supplied
Command: composer install --no-progress --no-interaction
Skipping env variable PWD
Skipping env variable HOME
Skipping env variable SHLVL
Skipping env variable PATH
